#
# There is insufficient memory for the Java Runtime Environment to continue.
# Native memory allocation (malloc) failed to allocate 1048576 bytes for AllocateHeap
# Possible reasons:
#   The system is out of physical RAM or swap space
#   The process is running with CompressedOops enabled, and the Java Heap may be blocking the growth of the native heap
# Possible solutions:
#   Reduce memory load on the system
#   Increase physical memory or swap space
#   Check if swap backing store is full
#   Decrease Java heap size (-Xmx/-Xms)
#   Decrease number of Java threads
#   Decrease Java thread stack sizes (-Xss)
#   Set larger code cache with -XX:ReservedCodeCacheSize=
#   JVM is running with Unscaled Compressed Oops mode in which the Java heap is
#     placed in the first 4GB address space. The Java Heap base address is the
#     maximum limit for the native heap growth. Please use -XX:HeapBaseMinAddress
#     to set the Java Heap base and to place the Java Heap above 4GB virtual address.
# This output file may be truncated or incomplete.
#
#  Out of Memory Error (./open/src/hotspot/share/memory/allocation.cpp:46), pid=10644, tid=7620
#
# JRE version: Java(TM) SE Runtime Environment 18.9 (11.0.12+8) (build 11.0.12+8-LTS-237)
# Java VM: Java HotSpot(TM) 64-Bit Server VM 18.9 (11.0.12+8-LTS-237, mixed mode, tiered, compressed oops, g1 gc, windows-amd64)
# No core dump will be written. Minidumps are not enabled by default on client versions of Windows
#

---------------  S U M M A R Y ------------

Command Line: -Xverify:none -XX:TieredStopAtLevel=1 -Dfile.encoding=windows-1252 -Duser.country=BR -Duser.language=pt -Duser.variant one.innovation.digital.product.catalog.Application

Host: Intel(R) Celeron(R) CPU N3350 @ 1.10GHz, 2 cores, 3G,  Windows 10 , 64 bit Build 19041 (10.0.19041.1151)
Time: Tue Aug 31 17:42:01 2021 Hora oficial do Brasil elapsed time: 64.474021 seconds (0d 0h 1m 4s)

---------------  T H R E A D  ---------------

Current thread (0x000002852af46000):  VMThread "VM Thread" [stack: 0x000000ef52300000,0x000000ef52400000] [id=7620]

Stack: [0x000000ef52300000,0x000000ef52400000]
[error occurred during error reporting (printing stack bounds), id 0xc0000005, EXCEPTION_ACCESS_VIOLATION (0xc0000005) at pc=0x0000028517300f3d]

Native frames: (J=compiled Java code, j=interpreted, Vv=VM code, C=native code)
V  [jvm.dll+0x617d9a]
V  [jvm.dll+0x74eeef]
V  [jvm.dll+0x750599]
V  [jvm.dll+0x750b85]
V  [jvm.dll+0x750b3b]
V  [jvm.dll+0x6175d3]
V  [jvm.dll+0x617998]
C  [ntdll.dll+0xa217f]
C  [ntdll.dll+0x51454]
C  [ntdll.dll+0xa0cae]
C  0x0000028517300f3d

VM_Operation (0x000000ef51dfcb90): CollectForMetadataAllocation, mode: safepoint, requested by thread 0x000002850d68a800


---------------  P R O C E S S  ---------------

Threads class SMR info:
_java_thread_list=0x000002852d6efe40, length=9, elements={
0x000002850d68a800, 0x000002852af69000, 0x000002852af6a800, 0x000002852afc5800,
0x000002852afc7000, 0x000002852afc9000, 0x000002852afcd000, 0x000002852afce000,
0x000002852bad1800
}

Java Threads: ( => current thread )
  0x000002850d68a800 JavaThread "main" [_thread_blocked, id=11252, stack(0x000000ef51d00000,0x000000ef51e00000)]
  0x000002852af69000 JavaThread "Reference Handler" daemon [_thread_blocked, id=2884, stack(0x000000ef52400000,0x000000ef52500000)]
  0x000002852af6a800 JavaThread "Finalizer" daemon [_thread_blocked, id=6592, stack(0x000000ef52500000,0x000000ef52600000)]
  0x000002852afc5800 JavaThread "Signal Dispatcher" daemon [_thread_blocked, id=2956, stack(0x000000ef52600000,0x000000ef52700000)]
  0x000002852afc7000 JavaThread "Attach Listener" daemon [_thread_blocked, id=4956, stack(0x000000ef52700000,0x000000ef52800000)]
  0x000002852afc9000 JavaThread "Service Thread" daemon [_thread_blocked, id=11916, stack(0x000000ef52800000,0x000000ef52900000)]
  0x000002852afcd000 JavaThread "C1 CompilerThread0" daemon [_thread_blocked, id=1204, stack(0x000000ef52900000,0x000000ef52a00000)]
  0x000002852afce000 JavaThread "Sweeper thread" daemon [_thread_blocked, id=6732, stack(0x000000ef52a00000,0x000000ef52b00000)]
  0x000002852bad1800 JavaThread "Common-Cleaner" daemon [_thread_blocked, id=9956, stack(0x000000ef52c00000,0x000000ef52d00000)]

Other Threads:
=>0x000002852af46000 VMThread "VM Thread" [stack: 0x000000ef52300000,0x000000ef52400000] [id=7620]
  0x000002852bad0800 WatcherThread [stack: 0x000000ef52b00000,0x000000ef52c00000] [id=11892]
  0x000002850d6a0800 GCTaskThread "GC Thread#0" [stack: 0x000000ef51e00000,0x000000ef51f00000] [id=10292]
  0x000002852befe800 GCTaskThread "GC Thread#1" [stack: 0x000000ef52d00000,0x000000ef52e00000] [id=6196]
  0x000002850d6ba800 ConcurrentGCThread "G1 Main Marker" [stack: 0x000000ef51f00000,0x000000ef52000000] [id=10156]
  0x000002850d6bd000 ConcurrentGCThread "G1 Conc#0" [stack: 0x000000ef52000000,0x000000ef52100000] [id=7444]
  0x000002850d6ff000 ConcurrentGCThread "G1 Refine#0" [stack: 0x000000ef52100000,0x000000ef52200000] [id=11512]
  0x000002850d700000 ConcurrentGCThread "G1 Young RemSet Sampling" [stack: 0x000000ef52200000,0x000000ef52300000] [id=10924]

Threads with active compile tasks:
C1 CompilerThread0  69489 3467       1       java.util.Properties::load0 (249 bytes)

VM state:at safepoint (normal execution)

VM Mutex/Monitor currently owned by a thread:  ([mutex/lock_event])
[0x000002850d686500] Threads_lock - owner thread: 0x000002852af46000
[0x000002850d686620] Heap_lock - owner thread: 0x000002850d68a800

Heap address: 0x00000000c2a00000, size: 982 MB, Compressed Oops mode: 32-bit
Narrow klass base: 0x0000000000000000, Narrow klass shift: 3
Compressed class space size: 1073741824 Address: 0x0000000100000000

Heap:
 garbage-first heap   total 63488K, used 19258K [0x00000000c2a00000, 0x0000000100000000)
  region size 1024K, 3 young (3072K), 3 survivors (3072K)
 Metaspace       used 33613K, capacity 34537K, committed 34688K, reserved 1087488K
  class space    used 4282K, capacity 4628K, committed 4736K, reserved 1048576K
Heap Regions: E=young(eden), S=young(survivor), O=old, HS=humongous(starts), HC=humongous(continues), CS=collection set, F=free, A=archive, TAMS=top-at-mark-start (previous, next)
|   0|0x00000000c2a00000, 0x00000000c2b00000, 0x00000000c2b00000|100%|HS|  |TAMS 0x00000000c2b00000, 0x00000000c2b00000| Complete 
|   1|0x00000000c2b00000, 0x00000000c2c00000, 0x00000000c2c00000|100%| O|  |TAMS 0x00000000c2c00000, 0x00000000c2c00000| Untracked 
|   2|0x00000000c2c00000, 0x00000000c2d00000, 0x00000000c2d00000|100%| O|  |TAMS 0x00000000c2d00000, 0x00000000c2d00000| Untracked 
|   3|0x00000000c2d00000, 0x00000000c2e00000, 0x00000000c2e00000|100%| O|  |TAMS 0x00000000c2e00000, 0x00000000c2e00000| Untracked 
|   4|0x00000000c2e00000, 0x00000000c2f00000, 0x00000000c2f00000|100%| O|  |TAMS 0x00000000c2f00000, 0x00000000c2f00000| Untracked 
|   5|0x00000000c2f00000, 0x00000000c3000000, 0x00000000c3000000|100%| O|  |TAMS 0x00000000c2f00000, 0x00000000c3000000| Untracked 
|   6|0x00000000c3000000, 0x00000000c3100000, 0x00000000c3100000|100%| O|  |TAMS 0x00000000c3100000, 0x00000000c3100000| Untracked 
|   7|0x00000000c3100000, 0x00000000c3200000, 0x00000000c3200000|100%| O|  |TAMS 0x00000000c3200000, 0x00000000c3200000| Untracked 
|   8|0x00000000c3200000, 0x00000000c3300000, 0x00000000c3300000|100%| O|  |TAMS 0x00000000c3300000, 0x00000000c3300000| Untracked 
|   9|0x00000000c3300000, 0x00000000c3400000, 0x00000000c3400000|100%| O|  |TAMS 0x00000000c3400000, 0x00000000c3400000| Untracked 
|  10|0x00000000c3400000, 0x00000000c3500000, 0x00000000c3500000|100%| O|  |TAMS 0x00000000c3500000, 0x00000000c3500000| Untracked 
|  11|0x00000000c3500000, 0x00000000c3600000, 0x00000000c3600000|100%| O|  |TAMS 0x00000000c3563a00, 0x00000000c3600000| Untracked 
|  12|0x00000000c3600000, 0x00000000c3700000, 0x00000000c3700000|100%| O|  |TAMS 0x00000000c3600000, 0x00000000c3700000| Untracked 
|  13|0x00000000c3700000, 0x00000000c3800000, 0x00000000c3800000|100%| O|  |TAMS 0x00000000c3700000, 0x00000000c3800000| Untracked 
|  14|0x00000000c3800000, 0x00000000c3900000, 0x00000000c3900000|100%| O|  |TAMS 0x00000000c3800000, 0x00000000c3900000| Untracked 
|  15|0x00000000c3900000, 0x00000000c3a00000, 0x00000000c3a00000|100%| O|  |TAMS 0x00000000c3900000, 0x00000000c3a00000| Untracked 
|  16|0x00000000c3a00000, 0x00000000c3a4a000, 0x00000000c3b00000| 28%| O|  |TAMS 0x00000000c3a00000, 0x00000000c3a4a000| Untracked 
|  17|0x00000000c3b00000, 0x00000000c3b00000, 0x00000000c3c00000|  0%| F|  |TAMS 0x00000000c3b00000, 0x00000000c3b00000| Untracked 
|  18|0x00000000c3c00000, 0x00000000c3c00000, 0x00000000c3d00000|  0%| F|  |TAMS 0x00000000c3c00000, 0x00000000c3c00000| Untracked 
|  19|0x00000000c3d00000, 0x00000000c3d00000, 0x00000000c3e00000|  0%| F|  |TAMS 0x00000000c3d00000, 0x00000000c3d00000| Untracked 
|  20|0x00000000c3e00000, 0x00000000c3e00000, 0x00000000c3f00000|  0%| F|  |TAMS 0x00000000c3e00000, 0x00000000c3e00000| Untracked 
|  21|0x00000000c3f00000, 0x00000000c3f00000, 0x00000000c4000000|  0%| F|  |TAMS 0x00000000c3f00000, 0x00000000c3f00000| Untracked 
|  22|0x00000000c4000000, 0x00000000c4000000, 0x00000000c4100000|  0%| F|  |TAMS 0x00000000c4000000, 0x00000000c4000000| Untracked 
|  23|0x00000000c4100000, 0x00000000c4100000, 0x00000000c4200000|  0%| F|  |TAMS 0x00000000c4100000, 0x00000000c4100000| Untracked 
|  24|0x00000000c4200000, 0x00000000c4200000, 0x00000000c4300000|  0%| F|  |TAMS 0x00000000c4200000, 0x00000000c4200000| Untracked 
|  25|0x00000000c4300000, 0x00000000c4300000, 0x00000000c4400000|  0%| F|  |TAMS 0x00000000c4300000, 0x00000000c4300000| Untracked 
|  26|0x00000000c4400000, 0x00000000c4400000, 0x00000000c4500000|  0%| F|  |TAMS 0x00000000c4400000, 0x00000000c4400000| Untracked 
|  27|0x00000000c4500000, 0x00000000c4500000, 0x00000000c4600000|  0%| F|  |TAMS 0x00000000c4500000, 0x00000000c4500000| Untracked 
|  28|0x00000000c4600000, 0x00000000c4600000, 0x00000000c4700000|  0%| F|  |TAMS 0x00000000c4600000, 0x00000000c4600000| Untracked 
|  29|0x00000000c4700000, 0x00000000c4700000, 0x00000000c4800000|  0%| F|  |TAMS 0x00000000c4700000, 0x00000000c4700000| Untracked 
|  30|0x00000000c4800000, 0x00000000c4800000, 0x00000000c4900000|  0%| F|  |TAMS 0x00000000c4800000, 0x00000000c4800000| Untracked 
|  31|0x00000000c4900000, 0x00000000c4900000, 0x00000000c4a00000|  0%| F|  |TAMS 0x00000000c4900000, 0x00000000c4900000| Untracked 
|  32|0x00000000c4a00000, 0x00000000c4a00000, 0x00000000c4b00000|  0%| F|  |TAMS 0x00000000c4a00000, 0x00000000c4a00000| Untracked 
|  33|0x00000000c4b00000, 0x00000000c4b00000, 0x00000000c4c00000|  0%| F|  |TAMS 0x00000000c4b00000, 0x00000000c4b00000| Untracked 
|  34|0x00000000c4c00000, 0x00000000c4c00000, 0x00000000c4d00000|  0%| F|  |TAMS 0x00000000c4c00000, 0x00000000c4c00000| Untracked 
|  35|0x00000000c4d00000, 0x00000000c4d00000, 0x00000000c4e00000|  0%| F|  |TAMS 0x00000000c4d00000, 0x00000000c4d00000| Untracked 
|  36|0x00000000c4e00000, 0x00000000c4e00000, 0x00000000c4f00000|  0%| F|  |TAMS 0x00000000c4e00000, 0x00000000c4e00000| Untracked 
|  37|0x00000000c4f00000, 0x00000000c4f00000, 0x00000000c5000000|  0%| F|  |TAMS 0x00000000c4f00000, 0x00000000c4f00000| Untracked 
|  38|0x00000000c5000000, 0x00000000c5000000, 0x00000000c5100000|  0%| F|  |TAMS 0x00000000c5000000, 0x00000000c5000000| Untracked 
|  39|0x00000000c5100000, 0x00000000c5100000, 0x00000000c5200000|  0%| F|  |TAMS 0x00000000c5100000, 0x00000000c5100000| Untracked 
|  40|0x00000000c5200000, 0x00000000c5200000, 0x00000000c5300000|  0%| F|  |TAMS 0x00000000c5200000, 0x00000000c5200000| Untracked 
|  41|0x00000000c5300000, 0x00000000c5300000, 0x00000000c5400000|  0%| F|  |TAMS 0x00000000c5300000, 0x00000000c5300000| Untracked 
|  42|0x00000000c5400000, 0x00000000c5400000, 0x00000000c5500000|  0%| F|  |TAMS 0x00000000c5400000, 0x00000000c5400000| Untracked 
|  43|0x00000000c5500000, 0x00000000c5500000, 0x00000000c5600000|  0%| F|  |TAMS 0x00000000c5500000, 0x00000000c5500000| Untracked 
|  44|0x00000000c5600000, 0x00000000c5600000, 0x00000000c5700000|  0%| F|  |TAMS 0x00000000c5600000, 0x00000000c5600000| Untracked 
|  45|0x00000000c5700000, 0x00000000c5700000, 0x00000000c5800000|  0%| F|  |TAMS 0x00000000c5700000, 0x00000000c5700000| Untracked 
|  46|0x00000000c5800000, 0x00000000c5800000, 0x00000000c5900000|  0%| F|  |TAMS 0x00000000c5800000, 0x00000000c5800000| Untracked 
|  47|0x00000000c5900000, 0x00000000c5900000, 0x00000000c5a00000|  0%| F|  |TAMS 0x00000000c5900000, 0x00000000c5900000| Untracked 
|  48|0x00000000c5a00000, 0x00000000c5a00000, 0x00000000c5b00000|  0%| F|  |TAMS 0x00000000c5a00000, 0x00000000c5a00000| Untracked 
|  49|0x00000000c5b00000, 0x00000000c5b00000, 0x00000000c5c00000|  0%| F|  |TAMS 0x00000000c5b00000, 0x00000000c5b00000| Untracked 
|  50|0x00000000c5c00000, 0x00000000c5c84a40, 0x00000000c5d00000| 51%| S|CS|TAMS 0x00000000c5c00000, 0x00000000c5c00000| Complete 
|  51|0x00000000c5d00000, 0x00000000c5e00000, 0x00000000c5e00000|100%| S|CS|TAMS 0x00000000c5d00000, 0x00000000c5d00000| Complete 
|  52|0x00000000c5e00000, 0x00000000c5f00000, 0x00000000c5f00000|100%| S|CS|TAMS 0x00000000c5e00000, 0x00000000c5e00000| Complete 
|  53|0x00000000c5f00000, 0x00000000c5f00000, 0x00000000c6000000|  0%| F|  |TAMS 0x00000000c5f00000, 0x00000000c5f00000| Untracked 
|  54|0x00000000c6000000, 0x00000000c6000000, 0x00000000c6100000|  0%| F|  |TAMS 0x00000000c6000000, 0x00000000c6000000| Untracked 
|  55|0x00000000c6100000, 0x00000000c6100000, 0x00000000c6200000|  0%| F|  |TAMS 0x00000000c6100000, 0x00000000c6100000| Untracked 
|  56|0x00000000c6200000, 0x00000000c6200000, 0x00000000c6300000|  0%| F|  |TAMS 0x00000000c6200000, 0x00000000c6200000| Untracked 
|  57|0x00000000c6300000, 0x00000000c6300000, 0x00000000c6400000|  0%| F|  |TAMS 0x00000000c6300000, 0x00000000c6300000| Untracked 
|  58|0x00000000c6400000, 0x00000000c6400000, 0x00000000c6500000|  0%| F|  |TAMS 0x00000000c6400000, 0x00000000c6400000| Untracked 
|  59|0x00000000c6500000, 0x00000000c6500000, 0x00000000c6600000|  0%| F|  |TAMS 0x00000000c6500000, 0x00000000c6500000| Untracked 
|  60|0x00000000c6600000, 0x00000000c6600000, 0x00000000c6700000|  0%| F|  |TAMS 0x00000000c6600000, 0x00000000c6600000| Untracked 
|  61|0x00000000c6700000, 0x00000000c6700000, 0x00000000c6800000|  0%| F|  |TAMS 0x00000000c6700000, 0x00000000c6700000| Untracked 

Card table byte_map: [0x0000028526900000,0x0000028526af0000] _byte_map_base: 0x00000285262eb000

Marking Bits (Prev, Next): (CMBitMap*) 0x000002850d6b6090, (CMBitMap*) 0x000002850d6b6058
 Prev Bits: [0x0000028527c40000, 0x0000028528b98000)
 Next Bits: [0x0000028526ce0000, 0x0000028527c38000)

Polling page: 0x000002850d750000

Metaspace:

Usage:
  Non-class:     29.21 MB capacity,    28.64 MB ( 98%) used,   472.22 KB (  2%) free+waste,   106.63 KB ( <1%) overhead. 
      Class:      4.52 MB capacity,     4.18 MB ( 93%) used,   291.63 KB (  6%) free+waste,    53.50 KB (  1%) overhead. 
       Both:     33.73 MB capacity,    32.83 MB ( 97%) used,   763.85 KB (  2%) free+waste,   160.13 KB ( <1%) overhead. 

Virtual space:
  Non-class space:       38.00 MB reserved,      29.25 MB ( 77%) committed 
      Class space:        1.00 GB reserved,       4.63 MB ( <1%) committed 
             Both:        1.04 GB reserved,      33.88 MB (  3%) committed 

Chunk freelists:
   Non-Class:  5.38 KB
       Class:  1.50 KB
        Both:  6.88 KB

CodeHeap 'non-profiled nmethods': size=239488Kb used=5392Kb max_used=5392Kb free=234095Kb
 bounds [0x0000028517920000, 0x0000028517e70000, 0x0000028526300000]
CodeHeap 'non-nmethods': size=6272Kb used=1122Kb max_used=1122Kb free=5149Kb
 bounds [0x0000028517300000, 0x0000028517570000, 0x0000028517920000]
 total_blobs=3917 nmethods=3466 adapters=378
 compilation: enabled
              stopped_count=0, restarted_count=0
 full_count=0

Compilation events (10 events):
Event: 61.777 Thread 0x000002852afcd000 nmethod 3461 0x0000028517e5fa10 code [0x0000028517e5fbc0, 0x0000028517e5fca8]
Event: 62.564 Thread 0x000002852afcd000 3463       1       jdk.internal.misc.Unsafe::checkPointer (19 bytes)
Event: 62.565 Thread 0x000002852afcd000 nmethod 3463 0x0000028517e5fd10 code [0x0000028517e5fec0, 0x0000028517e60048]
Event: 63.251 Thread 0x000002852afcd000 3464       1       sun.nio.cs.UTF_8$Decoder::decodeArrayLoop (691 bytes)
Event: 63.256 Thread 0x000002852afcd000 nmethod 3464 0x0000028517e60110 code [0x0000028517e60760, 0x0000028517e62288]
Event: 63.256 Thread 0x000002852afcd000 3465 %     1       java.util.Properties::load0 @ 29 (249 bytes)
Event: 63.258 Thread 0x000002852afcd000 nmethod 3465% 0x0000028517e63510 code [0x0000028517e63700, 0x0000028517e63be8]
Event: 63.258 Thread 0x000002852afcd000 3466       1       java.nio.charset.CoderResult::isUnderflow (13 bytes)
Event: 63.258 Thread 0x000002852afcd000 nmethod 3466 0x0000028517e63f10 code [0x0000028517e640a0, 0x0000028517e64178]
Event: 63.258 Thread 0x000002852afcd000 3467       1       java.util.Properties::load0 (249 bytes)

GC Heap History (10 events):
Event: 46.889 GC heap before
{Heap before GC invocations=10 (full 0):
 garbage-first heap   total 63488K, used 38739K [0x00000000c2a00000, 0x0000000100000000)
  region size 1024K, 29 young (29696K), 3 survivors (3072K)
 Metaspace       used 27378K, capacity 28156K, committed 28288K, reserved 1073152K
  class space    used 3371K, capacity 3664K, committed 3712K, reserved 1048576K
}
Event: 46.905 GC heap after
{Heap after GC invocations=11 (full 0):
 garbage-first heap   total 63488K, used 14752K [0x00000000c2a00000, 0x0000000100000000)
  region size 1024K, 4 young (4096K), 4 survivors (4096K)
 Metaspace       used 27378K, capacity 28156K, committed 28288K, reserved 1073152K
  class space    used 3371K, capacity 3664K, committed 3712K, reserved 1048576K
}
Event: 51.352 GC heap before
{Heap before GC invocations=11 (full 0):
 garbage-first heap   total 63488K, used 41376K [0x00000000c2a00000, 0x0000000100000000)
  region size 1024K, 31 young (31744K), 4 survivors (4096K)
 Metaspace       used 28530K, capacity 29311K, committed 29440K, reserved 1075200K
  class space    used 3512K, capacity 3812K, committed 3840K, reserved 1048576K
}
Event: 51.369 GC heap after
{Heap after GC invocations=12 (full 0):
 garbage-first heap   total 63488K, used 16046K [0x00000000c2a00000, 0x0000000100000000)
  region size 1024K, 3 young (3072K), 3 survivors (3072K)
 Metaspace       used 28530K, capacity 29311K, committed 29440K, reserved 1075200K
  class space    used 3512K, capacity 3812K, committed 3840K, reserved 1048576K
}
Event: 55.423 GC heap before
{Heap before GC invocations=12 (full 0):
 garbage-first heap   total 63488K, used 44718K [0x00000000c2a00000, 0x0000000100000000)
  region size 1024K, 31 young (31744K), 3 survivors (3072K)
 Metaspace       used 30110K, capacity 31013K, committed 31232K, reserved 1077248K
  class space    used 3741K, capacity 4079K, committed 4096K, reserved 1048576K
}
Event: 55.437 GC heap after
{Heap after GC invocations=13 (full 0):
 garbage-first heap   total 63488K, used 16898K [0x00000000c2a00000, 0x0000000100000000)
  region size 1024K, 3 young (3072K), 3 survivors (3072K)
 Metaspace       used 30110K, capacity 31013K, committed 31232K, reserved 1077248K
  class space    used 3741K, capacity 4079K, committed 4096K, reserved 1048576K
}
Event: 60.040 GC heap before
{Heap before GC invocations=13 (full 0):
 garbage-first heap   total 63488K, used 45570K [0x00000000c2a00000, 0x0000000100000000)
  region size 1024K, 31 young (31744K), 3 survivors (3072K)
 Metaspace       used 32584K, capacity 33575K, committed 33664K, reserved 1079296K
  class space    used 4118K, capacity 4478K, committed 4480K, reserved 1048576K
}
Event: 60.054 GC heap after
{Heap after GC invocations=14 (full 0):
 garbage-first heap   total 63488K, used 18292K [0x00000000c2a00000, 0x0000000100000000)
  region size 1024K, 3 young (3072K), 3 survivors (3072K)
 Metaspace       used 32584K, capacity 33575K, committed 33664K, reserved 1079296K
  class space    used 4118K, capacity 4478K, committed 4480K, reserved 1048576K
}
Event: 63.259 GC heap before
{Heap before GC invocations=14 (full 0):
 garbage-first heap   total 63488K, used 26484K [0x00000000c2a00000, 0x0000000100000000)
  region size 1024K, 12 young (12288K), 3 survivors (3072K)
 Metaspace       used 33613K, capacity 34537K, committed 34688K, reserved 1085440K
  class space    used 4282K, capacity 4628K, committed 4736K, reserved 1048576K
}
Event: 63.274 GC heap after
{Heap after GC invocations=15 (full 0):
 garbage-first heap   total 63488K, used 19258K [0x00000000c2a00000, 0x0000000100000000)
  region size 1024K, 3 young (3072K), 3 survivors (3072K)
 Metaspace       used 33613K, capacity 34537K, committed 34688K, reserved 1085440K
  class space    used 4282K, capacity 4628K, committed 4736K, reserved 1048576K
}

Deoptimization events (0 events):
No events

Classes redefined (0 events):
No events

Internal exceptions (10 events):
Event: 61.177 Thread 0x000002850d68a800 Exception <a 'java/lang/ClassNotFoundException'{0x00000000c622f620}: org/springframework/beans/factory/config/SmartInstantiationAwareBeanPostProcessorCustomizer> (0x00000000c622f620) thrown at [./open/src/hotspot/share/classfile/systemDictionary.cpp, line
Event: 61.179 Thread 0x000002850d68a800 Exception <a 'java/lang/ClassNotFoundException'{0x00000000c6250fb0}: org/springframework/beans/factory/config/InstantiationAwareBeanPostProcessorCustomizer> (0x00000000c6250fb0) thrown at [./open/src/hotspot/share/classfile/systemDictionary.cpp, line 228]
Event: 61.185 Thread 0x000002850d68a800 Exception <a 'java/lang/ClassNotFoundException'{0x00000000c626efe0}: org/springframework/beans/factory/config/BeanPostProcessorCustomizer> (0x00000000c626efe0) thrown at [./open/src/hotspot/share/classfile/systemDictionary.cpp, line 228]
Event: 61.188 Thread 0x000002850d68a800 Exception <a 'java/lang/ClassNotFoundException'{0x00000000c6289628}: org/springframework/beans/factory/BeanFactoryAwareCustomizer> (0x00000000c6289628) thrown at [./open/src/hotspot/share/classfile/systemDictionary.cpp, line 228]
Event: 61.191 Thread 0x000002850d68a800 Exception <a 'java/lang/ClassNotFoundException'{0x00000000c62a1160}: org/springframework/beans/factory/AwareCustomizer> (0x00000000c62a1160) thrown at [./open/src/hotspot/share/classfile/systemDictionary.cpp, line 228]
Event: 61.193 Thread 0x000002850d68a800 Exception <a 'java/lang/ClassNotFoundException'{0x00000000c62b63d8}: org/springframework/core/OrderedCustomizer> (0x00000000c62b63d8) thrown at [./open/src/hotspot/share/classfile/systemDictionary.cpp, line 228]
Event: 61.194 Thread 0x000002850d68a800 Exception <a 'java/lang/ClassNotFoundException'{0x00000000c62d0310}: org/springframework/beans/factory/BeanClassLoaderAwareCustomizer> (0x00000000c62d0310) thrown at [./open/src/hotspot/share/classfile/systemDictionary.cpp, line 228]
Event: 61.197 Thread 0x000002850d68a800 Exception <a 'java/lang/ClassNotFoundException'{0x00000000c62e7508}: org/springframework/beans/factory/AwareCustomizer> (0x00000000c62e7508) thrown at [./open/src/hotspot/share/classfile/systemDictionary.cpp, line 228]
Event: 61.199 Thread 0x000002850d68a800 Exception <a 'java/lang/ClassNotFoundException'{0x00000000c6101050}: org/springframework/aop/framework/AopInfrastructureBeanCustomizer> (0x00000000c6101050) thrown at [./open/src/hotspot/share/classfile/systemDictionary.cpp, line 228]
Event: 61.689 Thread 0x000002850d68a800 Exception <a 'java/lang/NoSuchMethodError'{0x00000000c60b4c60}: java.lang.invoke.DirectMethodHandle$Holder.invokeSpecialIFC(Ljava/lang/Object;Ljava/lang/Object;Ljava/lang/Object;)Ljava/lang/Object;> (0x00000000c60b4c60) thrown at [./open/src/hotspot/share

Events (10 events):
Event: 62.536 loading class org/apache/catalina/core/LocalStrings done
Event: 62.537 loading class java/util/ResourceBundle$Control$1
Event: 62.562 loading class java/util/ResourceBundle$Control$1 done
Event: 62.565 loading class java/util/PropertyResourceBundle
Event: 62.566 loading class java/util/PropertyResourceBundle done
Event: 62.566 loading class sun/util/PropertyResourceBundleCharset
Event: 62.667 loading class sun/util/PropertyResourceBundleCharset done
Event: 62.667 loading class sun/util/PropertyResourceBundleCharset$PropertiesFileDecoder
Event: 62.667 loading class sun/util/PropertyResourceBundleCharset$PropertiesFileDecoder done
Event: 63.259 Executing VM operation: CollectForMetadataAllocation


Dynamic libraries:
0x00007ff757f90000 - 0x00007ff757f9f000 	C:\Program Files\Java\jdk-11.0.12\bin\java.exe
0x00007ffa0c9b0000 - 0x00007ffa0cba5000 	C:\WINDOWS\SYSTEM32\ntdll.dll
0x00007ffa0af40000 - 0x00007ffa0affd000 	C:\WINDOWS\System32\KERNEL32.DLL
0x00007ffa0a250000 - 0x00007ffa0a519000 	C:\WINDOWS\System32\KERNELBASE.dll
0x00007ffa0a830000 - 0x00007ffa0a930000 	C:\WINDOWS\System32\ucrtbase.dll
0x00007ffa04ea0000 - 0x00007ffa04eb8000 	C:\Program Files\Java\jdk-11.0.12\bin\jli.dll
0x00007ffa0c8c0000 - 0x00007ffa0c96c000 	C:\WINDOWS\System32\ADVAPI32.dll
0x00007ffa0c600000 - 0x00007ffa0c69e000 	C:\WINDOWS\System32\msvcrt.dll
0x00007ffa0c560000 - 0x00007ffa0c5fb000 	C:\WINDOWS\System32\sechost.dll
0x00007ffa0bca0000 - 0x00007ffa0bdca000 	C:\WINDOWS\System32\RPCRT4.dll
0x00007ffa0bfb0000 - 0x00007ffa0c150000 	C:\WINDOWS\System32\USER32.dll
0x00007ffa0a0e0000 - 0x00007ffa0a102000 	C:\WINDOWS\System32\win32u.dll
0x00007ffa0c220000 - 0x00007ffa0c24a000 	C:\WINDOWS\System32\GDI32.dll
0x00007ffa0a680000 - 0x00007ffa0a78b000 	C:\WINDOWS\System32\gdi32full.dll
0x00007ffa0a790000 - 0x00007ffa0a82d000 	C:\WINDOWS\System32\msvcp_win.dll
0x00007ffa092e0000 - 0x00007ffa0957a000 	C:\WINDOWS\WinSxS\amd64_microsoft.windows.common-controls_6595b64144ccf1df_6.0.19041.1110_none_60b5254171f9507e\COMCTL32.dll
0x00007ff9f7a30000 - 0x00007ff9f7a3a000 	C:\WINDOWS\SYSTEM32\VERSION.dll
0x00007ffa04e80000 - 0x00007ffa04e95000 	C:\Program Files\Java\jdk-11.0.12\bin\VCRUNTIME140.dll
0x00007ffa0bdd0000 - 0x00007ffa0be00000 	C:\WINDOWS\System32\IMM32.DLL
0x00007ffa04de0000 - 0x00007ffa04e7b000 	C:\Program Files\Java\jdk-11.0.12\bin\msvcp140.dll
0x00007ff9a9aa0000 - 0x00007ff9aa59f000 	C:\Program Files\Java\jdk-11.0.12\bin\server\jvm.dll
0x00007ffa0c6a0000 - 0x00007ffa0c6a8000 	C:\WINDOWS\System32\PSAPI.DLL
0x00007ff9ebef0000 - 0x00007ff9ebef9000 	C:\WINDOWS\SYSTEM32\WSOCK32.dll
0x00007ff9e74e0000 - 0x00007ff9e7507000 	C:\WINDOWS\SYSTEM32\WINMM.dll
0x00007ffa0c1b0000 - 0x00007ffa0c21b000 	C:\WINDOWS\System32\WS2_32.dll
0x00007ffa071e0000 - 0x00007ffa071f2000 	C:\WINDOWS\SYSTEM32\kernel.appcore.dll
0x00007ffa04ed0000 - 0x00007ffa04ee0000 	C:\Program Files\Java\jdk-11.0.12\bin\verify.dll
0x00007ffa09a60000 - 0x00007ffa09c44000 	C:\WINDOWS\SYSTEM32\DBGHELP.DLL
0x00007ffa09640000 - 0x00007ffa0966c000 	C:\WINDOWS\SYSTEM32\dbgcore.DLL
0x00007ffa0a1c0000 - 0x00007ffa0a243000 	C:\WINDOWS\System32\bcryptPrimitives.dll
0x00007ff9f5d10000 - 0x00007ff9f5d38000 	C:\Program Files\Java\jdk-11.0.12\bin\java.dll
0x00007ffa048d0000 - 0x00007ffa048da000 	C:\Program Files\Java\jdk-11.0.12\bin\jimage.dll
0x00007ff9f5f60000 - 0x00007ff9f5f76000 	C:\Program Files\Java\jdk-11.0.12\bin\zip.dll
0x00007ffa0b000000 - 0x00007ffa0b73f000 	C:\WINDOWS\System32\SHELL32.dll
0x00007ffa074e0000 - 0x00007ffa07c70000 	C:\WINDOWS\SYSTEM32\windows.storage.dll
0x00007ffa0b820000 - 0x00007ffa0bb75000 	C:\WINDOWS\System32\combase.dll
0x00007ffa09720000 - 0x00007ffa0974c000 	C:\WINDOWS\SYSTEM32\Wldp.dll
0x00007ffa0c3e0000 - 0x00007ffa0c48e000 	C:\WINDOWS\System32\SHCORE.dll
0x00007ffa0c6b0000 - 0x00007ffa0c705000 	C:\WINDOWS\System32\shlwapi.dll
0x00007ffa0a020000 - 0x00007ffa0a03f000 	C:\WINDOWS\SYSTEM32\profapi.dll
0x00007ffa04d80000 - 0x00007ffa04d99000 	C:\Program Files\Java\jdk-11.0.12\bin\net.dll
0x00007ff9ff650000 - 0x00007ff9ff758000 	C:\WINDOWS\SYSTEM32\WINHTTP.dll
0x00007ffa09110000 - 0x00007ffa0917a000 	C:\WINDOWS\system32\mswsock.dll
0x00007ff9f5cf0000 - 0x00007ff9f5d02000 	C:\Program Files\Java\jdk-11.0.12\bin\nio.dll
0x00007ffa08cf0000 - 0x00007ffa08d2b000 	C:\WINDOWS\SYSTEM32\IPHLPAPI.DLL
0x00007ffa0bfa0000 - 0x00007ffa0bfa8000 	C:\WINDOWS\System32\NSI.dll
0x00007ff9f7860000 - 0x00007ff9f7877000 	C:\WINDOWS\SYSTEM32\dhcpcsvc6.DLL
0x00007ff9f7840000 - 0x00007ff9f785d000 	C:\WINDOWS\SYSTEM32\dhcpcsvc.DLL
0x00007ffa08d30000 - 0x00007ffa08dfc000 	C:\WINDOWS\SYSTEM32\DNSAPI.dll
0x00007ff9f6c20000 - 0x00007ff9f6c2a000 	C:\Windows\System32\rasadhlp.dll
0x00007ff9f6c40000 - 0x00007ff9f6cbf000 	C:\WINDOWS\System32\fwpuclnt.dll
0x00007ffa0a930000 - 0x00007ffa0a957000 	C:\WINDOWS\System32\bcrypt.dll
0x00007ffa04dd0000 - 0x00007ffa04dd9000 	C:\Program Files\Java\jdk-11.0.12\bin\management.dll
0x00007ff9ff760000 - 0x00007ff9ff76b000 	C:\Program Files\Java\jdk-11.0.12\bin\management_ext.dll
0x00007ff9e8280000 - 0x00007ff9e8297000 	C:\WINDOWS\system32\napinsp.dll
0x00007ff9e8260000 - 0x00007ff9e827b000 	C:\WINDOWS\system32\pnrpnsp.dll
0x00007ffa02a80000 - 0x00007ffa02a95000 	C:\WINDOWS\system32\wshbth.dll
0x00007ffa04c30000 - 0x00007ffa04c4d000 	C:\WINDOWS\system32\NLAapi.dll
0x00007ff9e8240000 - 0x00007ff9e8252000 	C:\WINDOWS\System32\winrnr.dll

dbghelp: loaded successfully - version: 4.0.5 - missing functions: none
symbol engine: initialized successfully - sym options: 0x614 - pdb path: .;C:\Program Files\Java\jdk-11.0.12\bin;C:\WINDOWS\SYSTEM32;C:\WINDOWS\WinSxS\amd64_microsoft.windows.common-controls_6595b64144ccf1df_6.0.19041.1110_none_60b5254171f9507e;C:\Program Files\Java\jdk-11.0.12\bin\server

VM Arguments:
jvm_args: -Xverify:none -XX:TieredStopAtLevel=1 -Dfile.encoding=windows-1252 -Duser.country=BR -Duser.language=pt -Duser.variant 
java_command: one.innovation.digital.product.catalog.Application
java_class_path (initial): C:\Users\Viviane\Desktop\Nova pasta\Digital Inovation One\cursos\Bootcamp santander\dio-projeto-microsservico\product.catalog\build\classes\java\main;C:\Users\Viviane\Desktop\Nova pasta\Digital Inovation One\cursos\Bootcamp santander\dio-projeto-microsservico\product.catalog\build\resources\main;C:\Users\Viviane\.gradle\caches\modules-2\files-2.1\org.springframework.cloud\spring-cloud-starter-config\3.0.4\528c404b5396492b5d9d65007d710bec07cc4beb\spring-cloud-starter-config-3.0.4.jar;C:\Users\Viviane\.gradle\caches\modules-2\files-2.1\org.springframework.cloud\spring-cloud-starter-bootstrap\3.0.3\75ce3312247ec53f281a3526c817d91818186e5\spring-cloud-starter-bootstrap-3.0.3.jar;C:\Users\Viviane\.gradle\caches\modules-2\files-2.1\org.springframework.cloud\spring-cloud-starter-netflix-eureka-client\3.0.3\4a0a2920c7a9853ed45486b1e90625f679a23bca\spring-cloud-starter-netflix-eureka-client-3.0.3.jar;C:\Users\Viviane\.gradle\caches\modules-2\files-2.1\org.springframework.cloud\spring-cloud-starter-loadbalancer\3.0.3\525f7080e7f17aeddda2ea469b09c2adf291600\spring-cloud-starter-loadbalancer-3.0.3.jar;C:\Users\Viviane\.gradle\caches\modules-2\files-2.1\org.springframework.cloud\spring-cloud-starter\3.0.3\877af2574612f6de43d7dda2d539dc5463759af6\spring-cloud-starter-3.0.3.jar;C:\Users\Viviane\.gradle\caches\modules-2\files-2.1\org.springframework.cloud\spring-cloud-loadbalancer\3.0.3\c22448137d4a97d1d2bd484bce23cd5221971c6d\spring-cloud-loadbalancer-3.0.3.jar;C:\Users\Viviane\.gradle\caches\modules-2\files-2.1\org.springframework.boot\spring-boot-actuator-autoconfigure\2.5.3\367ff5c92893fbc2f6903a564f88ec5f2e49efdd\spring-boot-actuator-autoconfigure-2.5.3.jar;C:\Users\Viviane\.gradle\caches\modules-2\files-2.1\io.micrometer\micrometer-core\1.7.2\ca143b470d600dec44073a8f792af7c6ef7c2027\micrometer-core-1.7.2.jar;C:\Users\Viviane\.gradle\caches\modules-2\files-2.1\org.springframework.data\spring-data-elasticsearch\4.2.3\4a77af315bebbaf9c3e1d471759cf79b
Launcher Type: SUN_STANDARD

[Global flags]
     bool BytecodeVerificationLocal                = false                                     {product} {command line}
     bool BytecodeVerificationRemote               = false                                     {product} {command line}
     intx CICompilerCount                          = 2                                         {product} {ergonomic}
     uint ConcGCThreads                            = 1                                         {product} {ergonomic}
     uint G1ConcRefinementThreads                  = 2                                         {product} {ergonomic}
   size_t G1HeapRegionSize                         = 1048576                                   {product} {ergonomic}
    uintx GCDrainStackTargetSize                   = 64                                        {product} {ergonomic}
   size_t InitialHeapSize                          = 65011712                                  {product} {ergonomic}
   size_t MarkStackSize                            = 4194304                                   {product} {ergonomic}
   size_t MaxHeapSize                              = 1029701632                                {product} {ergonomic}
   size_t MaxNewSize                               = 617611264                                 {product} {ergonomic}
   size_t MinHeapDeltaBytes                        = 1048576                                   {product} {ergonomic}
    uintx NonNMethodCodeHeapSize                   = 6396312                                {pd product} {ergonomic}
    uintx NonProfiledCodeHeapSize                  = 245261928                              {pd product} {ergonomic}
    uintx ProfiledCodeHeapSize                     = 0                                      {pd product} {ergonomic}
    uintx ReservedCodeCacheSize                    = 251658240                              {pd product} {ergonomic}
     bool SegmentedCodeCache                       = true                                      {product} {ergonomic}
     intx TieredStopAtLevel                        = 1                                         {product} {command line}
     bool UseCompressedClassPointers               = true                                 {lp64_product} {ergonomic}
     bool UseCompressedOops                        = true                                 {lp64_product} {ergonomic}
     bool UseG1GC                                  = true                                      {product} {ergonomic}
     bool UseLargePagesIndividualAllocation        = false                                  {pd product} {ergonomic}

Logging:
Log output configuration:
 #0: stdout all=warning uptime,level,tags
 #1: stderr all=off uptime,level,tags

Environment Variables:
PATH=C:\Program Files\Common Files\Oracle\Java\javapath;C:\Program Files (x86)\Common Files\Oracle\Java\javapath;C:\WINDOWS\system32;C:\WINDOWS;C:\WINDOWS\System32\Wbem;C:\WINDOWS\System32\WindowsPowerShell\v1.0\;C:\WINDOWS\System32\OpenSSH\;C:\Program Files\Microsoft SQL Server\130\Tools\Binn\;C:\Program Files\Git\cmd;C:\Program Files\dotnet\;C:\Program Files\Microsoft SQL Server\Client SDK\ODBC\170\Tools\Binn\;C:\Program Files\nodejs\;C:\Program Files\Microsoft SQL Server\Client SDK\ODBC\110\Tools\Binn\;C:\Program Files\Azure Data Studio\bin;C:\Program Files (x86)\Microsoft SQL Server\120\Tools\Binn\;C:\Program Files\Microsoft SQL Server\120\Tools\Binn\;C:\Program Files\Microsoft SQL Server\120\DTS\Binn\;C:\Program Files (x86)\Microsoft SQL Server\120\Tools\Binn\ManagementStudio\;C:\Program Files (x86)\Microsoft SQL Server\120\DTS\Binn\;C:\Program Files (x86)\dotnet\;C:\Program Files (x86)\Microsoft SQL Server\150\Tools\Binn\;C:\Program Files\Microsoft SQL Server\150\Tools\Binn\;C:\Program Files\Microsoft SQL Server\150\DTS\Binn\;C:\java\gradle\gradle-7.1.1\bin;;C:\Program Files\Docker\Docker\resources\bin;C:\ProgramData\DockerDesktop\version-bin;C:\Users\Viviane\AppData\Local\Microsoft\WindowsApps;C:\Users\Viviane\.dotnet\tools;C:\Users\Viviane\AppData\Local\Programs\Microsoft VS Code\bin;C:\Users\Viviane\Desktop\Nova pasta\decola Dev 2021 Avanade;C:\Users\Viviane\AppData\Roaming\npm;C:\Program Files\Azure Data Studio\bin;
USERNAME=Viviane
OS=Windows_NT
PROCESSOR_IDENTIFIER=Intel64 Family 6 Model 92 Stepping 9, GenuineIntel



---------------  S Y S T E M  ---------------

OS: Windows 10 , 64 bit Build 19041 (10.0.19041.1151)
Hyper-V role detected

CPU:total 2 (initial active 2) (2 cores per cpu, 1 threads per core) family 6 model 92 stepping 9 microcode 0x32, cmov, cx8, fxsr, mmx, sse, sse2, sse3, ssse3, sse4.1, sse4.2, popcnt, aes, clmul, erms, 3dnowpref, tsc, tscinvbit, sha

Memory: 4k page, system-wide physical 3920M (346M free)
TotalPageFile size 15696M (AvailPageFile size 0M)
current process WorkingSet (physical memory assigned to process): 127M, peak: 127M
current process commit charge ("private bytes"): 173M, peak: 174M

vm_info: Java HotSpot(TM) 64-Bit Server VM (11.0.12+8-LTS-237) for windows-amd64 JRE (11.0.12+8-LTS-237), built on Jun  8 2021 11:25:59 by "mach5one" with MS VC++ 15.9 (VS2017)

END.
